{"C:\\Users\\ASUS\\SliitProjects\\ApplicationFrameworks-SE3040\\Assignment01\\project-Dumidu1212\\backend\\app.js": {"path":"C:\\Users\\ASUS\\SliitProjects\\ApplicationFrameworks-SE3040\\Assignment01\\project-Dumidu1212\\backend\\app.js","statementMap":{"0":{"start":{"line":10,"column":12},"end":{"line":10,"column":21}},"1":{"start":{"line":11,"column":0},"end":{"line":11,"column":24}},"2":{"start":{"line":14,"column":0},"end":{"line":17,"column":3}},"3":{"start":{"line":15,"column":2},"end":{"line":15,"column":48}},"4":{"start":{"line":16,"column":2},"end":{"line":16,"column":9}},"5":{"start":{"line":19,"column":0},"end":{"line":19,"column":35}},"6":{"start":{"line":20,"column":0},"end":{"line":20,"column":39}},"7":{"start":{"line":21,"column":0},"end":{"line":21,"column":38}},"8":{"start":{"line":22,"column":0},"end":{"line":22,"column":41}},"9":{"start":{"line":24,"column":0},"end":{"line":24,"column":49}},"10":{"start":{"line":25,"column":0},"end":{"line":25,"column":46}},"11":{"start":{"line":26,"column":0},"end":{"line":26,"column":53}},"12":{"start":{"line":27,"column":0},"end":{"line":27,"column":52}},"13":{"start":{"line":28,"column":0},"end":{"line":28,"column":74}},"14":{"start":{"line":29,"column":0},"end":{"line":29,"column":55}},"15":{"start":{"line":31,"column":0},"end":{"line":31,"column":82}},"16":{"start":{"line":32,"column":0},"end":{"line":32,"column":82}},"17":{"start":{"line":34,"column":0},"end":{"line":34,"column":55}},"18":{"start":{"line":36,"column":0},"end":{"line":36,"column":35}},"19":{"start":{"line":37,"column":0},"end":{"line":37,"column":32}},"20":{"start":{"line":38,"column":0},"end":{"line":38,"column":39}},"21":{"start":{"line":39,"column":0},"end":{"line":39,"column":38}},"22":{"start":{"line":40,"column":0},"end":{"line":40,"column":41}},"23":{"start":{"line":42,"column":0},"end":{"line":42,"column":39}},"24":{"start":{"line":43,"column":0},"end":{"line":43,"column":36}},"25":{"start":{"line":44,"column":0},"end":{"line":44,"column":43}},"26":{"start":{"line":45,"column":0},"end":{"line":45,"column":42}},"27":{"start":{"line":46,"column":0},"end":{"line":46,"column":45}}},"fnMap":{"0":{"name":"(anonymous_0)","decl":{"start":{"line":14,"column":8},"end":{"line":14,"column":9}},"loc":{"start":{"line":14,"column":28},"end":{"line":17,"column":1}},"line":14}},"branchMap":{},"s":{"0":7,"1":7,"2":7,"3":83,"4":83,"5":7,"6":7,"7":7,"8":7,"9":7,"10":7,"11":7,"12":7,"13":7,"14":7,"15":7,"16":7,"17":7,"18":7,"19":7,"20":7,"21":7,"22":7,"23":7,"24":7,"25":7,"26":7,"27":7},"f":{"0":83},"b":{},"_coverageSchema":"1a1c01bbd47fc00a2c39e90264f33305004495a9","hash":"7fa091fd4c7a92099bf5aeb674b9e186dd5466d8"}
,"C:\\Users\\ASUS\\SliitProjects\\ApplicationFrameworks-SE3040\\Assignment01\\project-Dumidu1212\\backend\\controllers\\authController.js": {"path":"C:\\Users\\ASUS\\SliitProjects\\ApplicationFrameworks-SE3040\\Assignment01\\project-Dumidu1212\\backend\\controllers\\authController.js","statementMap":{"0":{"start":{"line":6,"column":0},"end":{"line":6,"column":16}},"1":{"start":{"line":12,"column":24},"end":{"line":30,"column":1}},"2":{"start":{"line":13,"column":17},"end":{"line":13,"column":38}},"3":{"start":{"line":14,"column":2},"end":{"line":16,"column":3}},"4":{"start":{"line":15,"column":4},"end":{"line":15,"column":60}},"5":{"start":{"line":18,"column":46},"end":{"line":18,"column":54}},"6":{"start":{"line":19,"column":2},"end":{"line":29,"column":3}},"7":{"start":{"line":20,"column":15},"end":{"line":20,"column":44}},"8":{"start":{"line":21,"column":4},"end":{"line":23,"column":5}},"9":{"start":{"line":22,"column":6},"end":{"line":22,"column":66}},"10":{"start":{"line":24,"column":4},"end":{"line":24,"column":57}},"11":{"start":{"line":25,"column":4},"end":{"line":25,"column":22}},"12":{"start":{"line":26,"column":4},"end":{"line":26,"column":66}},"13":{"start":{"line":28,"column":4},"end":{"line":28,"column":79}},"14":{"start":{"line":37,"column":21},"end":{"line":71,"column":1}},"15":{"start":{"line":38,"column":17},"end":{"line":38,"column":38}},"16":{"start":{"line":39,"column":2},"end":{"line":41,"column":3}},"17":{"start":{"line":40,"column":4},"end":{"line":40,"column":60}},"18":{"start":{"line":43,"column":30},"end":{"line":43,"column":38}},"19":{"start":{"line":44,"column":2},"end":{"line":70,"column":3}},"20":{"start":{"line":45,"column":15},"end":{"line":45,"column":64}},"21":{"start":{"line":46,"column":4},"end":{"line":48,"column":5}},"22":{"start":{"line":47,"column":6},"end":{"line":47,"column":66}},"23":{"start":{"line":50,"column":24},"end":{"line":54,"column":5}},"24":{"start":{"line":55,"column":25},"end":{"line":59,"column":5}},"25":{"start":{"line":60,"column":19},"end":{"line":60,"column":26}},"26":{"start":{"line":62,"column":4},"end":{"line":66,"column":7}},"27":{"start":{"line":67,"column":4},"end":{"line":67,"column":38}},"28":{"start":{"line":69,"column":4},"end":{"line":69,"column":79}},"29":{"start":{"line":76,"column":28},"end":{"line":93,"column":1}},"30":{"start":{"line":77,"column":23},"end":{"line":77,"column":47}},"31":{"start":{"line":78,"column":2},"end":{"line":80,"column":3}},"32":{"start":{"line":79,"column":4},"end":{"line":79,"column":58}},"33":{"start":{"line":82,"column":2},"end":{"line":92,"column":5}},"34":{"start":{"line":83,"column":4},"end":{"line":85,"column":5}},"35":{"start":{"line":84,"column":6},"end":{"line":84,"column":68}},"36":{"start":{"line":86,"column":27},"end":{"line":90,"column":5}},"37":{"start":{"line":91,"column":4},"end":{"line":91,"column":46}}},"fnMap":{"0":{"name":"(anonymous_0)","decl":{"start":{"line":12,"column":24},"end":{"line":12,"column":25}},"loc":{"start":{"line":12,"column":44},"end":{"line":30,"column":1}},"line":12},"1":{"name":"(anonymous_1)","decl":{"start":{"line":37,"column":21},"end":{"line":37,"column":22}},"loc":{"start":{"line":37,"column":41},"end":{"line":71,"column":1}},"line":37},"2":{"name":"(anonymous_2)","decl":{"start":{"line":76,"column":28},"end":{"line":76,"column":29}},"loc":{"start":{"line":76,"column":42},"end":{"line":93,"column":1}},"line":76},"3":{"name":"(anonymous_3)","decl":{"start":{"line":82,"column":61},"end":{"line":82,"column":62}},"loc":{"start":{"line":82,"column":81},"end":{"line":92,"column":3}},"line":82}},"branchMap":{"0":{"loc":{"start":{"line":14,"column":2},"end":{"line":16,"column":3}},"type":"if","locations":[{"start":{"line":14,"column":2},"end":{"line":16,"column":3}},{"start":{},"end":{}}],"line":14},"1":{"loc":{"start":{"line":21,"column":4},"end":{"line":23,"column":5}},"type":"if","locations":[{"start":{"line":21,"column":4},"end":{"line":23,"column":5}},{"start":{},"end":{}}],"line":21},"2":{"loc":{"start":{"line":39,"column":2},"end":{"line":41,"column":3}},"type":"if","locations":[{"start":{"line":39,"column":2},"end":{"line":41,"column":3}},{"start":{},"end":{}}],"line":39},"3":{"loc":{"start":{"line":46,"column":4},"end":{"line":48,"column":5}},"type":"if","locations":[{"start":{"line":46,"column":4},"end":{"line":48,"column":5}},{"start":{},"end":{}}],"line":46},"4":{"loc":{"start":{"line":46,"column":8},"end":{"line":46,"column":56}},"type":"binary-expr","locations":[{"start":{"line":46,"column":8},"end":{"line":46,"column":13}},{"start":{"line":46,"column":17},"end":{"line":46,"column":56}}],"line":46},"5":{"loc":{"start":{"line":78,"column":2},"end":{"line":80,"column":3}},"type":"if","locations":[{"start":{"line":78,"column":2},"end":{"line":80,"column":3}},{"start":{},"end":{}}],"line":78},"6":{"loc":{"start":{"line":83,"column":4},"end":{"line":85,"column":5}},"type":"if","locations":[{"start":{"line":83,"column":4},"end":{"line":85,"column":5}},{"start":{},"end":{}}],"line":83}},"s":{"0":1,"1":1,"2":4,"3":4,"4":1,"5":3,"6":3,"7":3,"8":2,"9":1,"10":1,"11":1,"12":1,"13":1,"14":1,"15":5,"16":5,"17":1,"18":4,"19":4,"20":4,"21":3,"22":2,"23":1,"24":1,"25":1,"26":1,"27":1,"28":1,"29":1,"30":3,"31":3,"32":1,"33":2,"34":2,"35":1,"36":1,"37":1},"f":{"0":4,"1":5,"2":3,"3":2},"b":{"0":[1,3],"1":[1,1],"2":[1,4],"3":[2,1],"4":[3,2],"5":[1,2],"6":[1,1]},"_coverageSchema":"1a1c01bbd47fc00a2c39e90264f33305004495a9","hash":"19529de34faf4e0c71bd51d9e25cc272a3488cdc"}
,"C:\\Users\\ASUS\\SliitProjects\\ApplicationFrameworks-SE3040\\Assignment01\\project-Dumidu1212\\backend\\controllers\\budgetController.js": {"path":"C:\\Users\\ASUS\\SliitProjects\\ApplicationFrameworks-SE3040\\Assignment01\\project-Dumidu1212\\backend\\controllers\\budgetController.js","statementMap":{"0":{"start":{"line":7,"column":28},"end":{"line":16,"column":1}},"1":{"start":{"line":8,"column":2},"end":{"line":15,"column":3}},"2":{"start":{"line":9,"column":41},"end":{"line":9,"column":49}},"3":{"start":{"line":10,"column":19},"end":{"line":10,"column":78}},"4":{"start":{"line":11,"column":4},"end":{"line":11,"column":24}},"5":{"start":{"line":12,"column":4},"end":{"line":12,"column":33}},"6":{"start":{"line":14,"column":4},"end":{"line":14,"column":72}},"7":{"start":{"line":21,"column":26},"end":{"line":28,"column":1}},"8":{"start":{"line":22,"column":2},"end":{"line":27,"column":3}},"9":{"start":{"line":23,"column":20},"end":{"line":23,"column":81}},"10":{"start":{"line":24,"column":4},"end":{"line":24,"column":22}},"11":{"start":{"line":26,"column":4},"end":{"line":26,"column":72}},"12":{"start":{"line":33,"column":29},"end":{"line":41,"column":1}},"13":{"start":{"line":34,"column":2},"end":{"line":40,"column":3}},"14":{"start":{"line":35,"column":19},"end":{"line":35,"column":82}},"15":{"start":{"line":36,"column":4},"end":{"line":36,"column":74}},"16":{"start":{"line":36,"column":17},"end":{"line":36,"column":74}},"17":{"start":{"line":37,"column":4},"end":{"line":37,"column":21}},"18":{"start":{"line":39,"column":4},"end":{"line":39,"column":72}},"19":{"start":{"line":46,"column":28},"end":{"line":59,"column":1}},"20":{"start":{"line":47,"column":2},"end":{"line":58,"column":3}},"21":{"start":{"line":48,"column":20},"end":{"line":48,"column":28}},"22":{"start":{"line":49,"column":19},"end":{"line":53,"column":5}},"23":{"start":{"line":54,"column":4},"end":{"line":54,"column":74}},"24":{"start":{"line":54,"column":17},"end":{"line":54,"column":74}},"25":{"start":{"line":55,"column":4},"end":{"line":55,"column":21}},"26":{"start":{"line":57,"column":4},"end":{"line":57,"column":72}},"27":{"start":{"line":64,"column":28},"end":{"line":72,"column":1}},"28":{"start":{"line":65,"column":2},"end":{"line":71,"column":3}},"29":{"start":{"line":66,"column":19},"end":{"line":66,"column":91}},"30":{"start":{"line":67,"column":4},"end":{"line":67,"column":74}},"31":{"start":{"line":67,"column":17},"end":{"line":67,"column":74}},"32":{"start":{"line":68,"column":4},"end":{"line":68,"column":53}},"33":{"start":{"line":70,"column":4},"end":{"line":70,"column":72}}},"fnMap":{"0":{"name":"(anonymous_0)","decl":{"start":{"line":7,"column":28},"end":{"line":7,"column":29}},"loc":{"start":{"line":7,"column":48},"end":{"line":16,"column":1}},"line":7},"1":{"name":"(anonymous_1)","decl":{"start":{"line":21,"column":26},"end":{"line":21,"column":27}},"loc":{"start":{"line":21,"column":46},"end":{"line":28,"column":1}},"line":21},"2":{"name":"(anonymous_2)","decl":{"start":{"line":33,"column":29},"end":{"line":33,"column":30}},"loc":{"start":{"line":33,"column":49},"end":{"line":41,"column":1}},"line":33},"3":{"name":"(anonymous_3)","decl":{"start":{"line":46,"column":28},"end":{"line":46,"column":29}},"loc":{"start":{"line":46,"column":48},"end":{"line":59,"column":1}},"line":46},"4":{"name":"(anonymous_4)","decl":{"start":{"line":64,"column":28},"end":{"line":64,"column":29}},"loc":{"start":{"line":64,"column":48},"end":{"line":72,"column":1}},"line":64}},"branchMap":{"0":{"loc":{"start":{"line":36,"column":4},"end":{"line":36,"column":74}},"type":"if","locations":[{"start":{"line":36,"column":4},"end":{"line":36,"column":74}},{"start":{},"end":{}}],"line":36},"1":{"loc":{"start":{"line":54,"column":4},"end":{"line":54,"column":74}},"type":"if","locations":[{"start":{"line":54,"column":4},"end":{"line":54,"column":74}},{"start":{},"end":{}}],"line":54},"2":{"loc":{"start":{"line":67,"column":4},"end":{"line":67,"column":74}},"type":"if","locations":[{"start":{"line":67,"column":4},"end":{"line":67,"column":74}},{"start":{},"end":{}}],"line":67}},"s":{"0":7,"1":3,"2":3,"3":3,"4":3,"5":2,"6":1,"7":7,"8":3,"9":3,"10":2,"11":1,"12":7,"13":4,"14":4,"15":3,"16":1,"17":2,"18":1,"19":7,"20":4,"21":4,"22":4,"23":3,"24":1,"25":2,"26":1,"27":7,"28":4,"29":4,"30":3,"31":1,"32":2,"33":1},"f":{"0":3,"1":3,"2":4,"3":4,"4":4},"b":{"0":[1,2],"1":[1,2],"2":[1,2]},"_coverageSchema":"1a1c01bbd47fc00a2c39e90264f33305004495a9","hash":"40cdebdcba6b265acf17681648ea57d34346f21b"}
,"C:\\Users\\ASUS\\SliitProjects\\ApplicationFrameworks-SE3040\\Assignment01\\project-Dumidu1212\\backend\\controllers\\goalController.js": {"path":"C:\\Users\\ASUS\\SliitProjects\\ApplicationFrameworks-SE3040\\Assignment01\\project-Dumidu1212\\backend\\controllers\\goalController.js","statementMap":{"0":{"start":{"line":7,"column":26},"end":{"line":23,"column":1}},"1":{"start":{"line":8,"column":2},"end":{"line":22,"column":3}},"2":{"start":{"line":9,"column":90},"end":{"line":9,"column":98}},"3":{"start":{"line":10,"column":17},"end":{"line":17,"column":6}},"4":{"start":{"line":18,"column":4},"end":{"line":18,"column":22}},"5":{"start":{"line":19,"column":4},"end":{"line":19,"column":31}},"6":{"start":{"line":21,"column":4},"end":{"line":21,"column":72}},"7":{"start":{"line":28,"column":24},"end":{"line":35,"column":1}},"8":{"start":{"line":29,"column":2},"end":{"line":34,"column":3}},"9":{"start":{"line":30,"column":18},"end":{"line":30,"column":78}},"10":{"start":{"line":31,"column":4},"end":{"line":31,"column":20}},"11":{"start":{"line":33,"column":4},"end":{"line":33,"column":72}},"12":{"start":{"line":40,"column":27},"end":{"line":49,"column":1}},"13":{"start":{"line":41,"column":2},"end":{"line":48,"column":3}},"14":{"start":{"line":42,"column":17},"end":{"line":42,"column":78}},"15":{"start":{"line":43,"column":4},"end":{"line":43,"column":70}},"16":{"start":{"line":43,"column":15},"end":{"line":43,"column":70}},"17":{"start":{"line":44,"column":21},"end":{"line":44,"column":95}},"18":{"start":{"line":45,"column":4},"end":{"line":45,"column":68}},"19":{"start":{"line":47,"column":4},"end":{"line":47,"column":72}},"20":{"start":{"line":54,"column":26},"end":{"line":67,"column":1}},"21":{"start":{"line":55,"column":2},"end":{"line":66,"column":3}},"22":{"start":{"line":56,"column":20},"end":{"line":56,"column":28}},"23":{"start":{"line":57,"column":17},"end":{"line":61,"column":5}},"24":{"start":{"line":62,"column":4},"end":{"line":62,"column":70}},"25":{"start":{"line":62,"column":15},"end":{"line":62,"column":70}},"26":{"start":{"line":63,"column":4},"end":{"line":63,"column":19}},"27":{"start":{"line":65,"column":4},"end":{"line":65,"column":72}},"28":{"start":{"line":72,"column":26},"end":{"line":80,"column":1}},"29":{"start":{"line":73,"column":2},"end":{"line":79,"column":3}},"30":{"start":{"line":74,"column":17},"end":{"line":74,"column":87}},"31":{"start":{"line":75,"column":4},"end":{"line":75,"column":70}},"32":{"start":{"line":75,"column":15},"end":{"line":75,"column":70}},"33":{"start":{"line":76,"column":4},"end":{"line":76,"column":51}},"34":{"start":{"line":78,"column":4},"end":{"line":78,"column":72}},"35":{"start":{"line":93,"column":38},"end":{"line":108,"column":1}},"36":{"start":{"line":94,"column":2},"end":{"line":107,"column":3}},"37":{"start":{"line":95,"column":18},"end":{"line":95,"column":71}},"38":{"start":{"line":96,"column":4},"end":{"line":103,"column":5}},"39":{"start":{"line":97,"column":25},"end":{"line":97,"column":75}},"40":{"start":{"line":98,"column":6},"end":{"line":98,"column":39}},"41":{"start":{"line":99,"column":6},"end":{"line":101,"column":7}},"42":{"start":{"line":100,"column":8},"end":{"line":100,"column":29}},"43":{"start":{"line":102,"column":6},"end":{"line":102,"column":24}},"44":{"start":{"line":105,"column":4},"end":{"line":105,"column":54}},"45":{"start":{"line":106,"column":4},"end":{"line":106,"column":16}}},"fnMap":{"0":{"name":"(anonymous_0)","decl":{"start":{"line":7,"column":26},"end":{"line":7,"column":27}},"loc":{"start":{"line":7,"column":46},"end":{"line":23,"column":1}},"line":7},"1":{"name":"(anonymous_1)","decl":{"start":{"line":28,"column":24},"end":{"line":28,"column":25}},"loc":{"start":{"line":28,"column":44},"end":{"line":35,"column":1}},"line":28},"2":{"name":"(anonymous_2)","decl":{"start":{"line":40,"column":27},"end":{"line":40,"column":28}},"loc":{"start":{"line":40,"column":47},"end":{"line":49,"column":1}},"line":40},"3":{"name":"(anonymous_3)","decl":{"start":{"line":54,"column":26},"end":{"line":54,"column":27}},"loc":{"start":{"line":54,"column":46},"end":{"line":67,"column":1}},"line":54},"4":{"name":"(anonymous_4)","decl":{"start":{"line":72,"column":26},"end":{"line":72,"column":27}},"loc":{"start":{"line":72,"column":46},"end":{"line":80,"column":1}},"line":72},"5":{"name":"(anonymous_5)","decl":{"start":{"line":93,"column":38},"end":{"line":93,"column":39}},"loc":{"start":{"line":93,"column":70},"end":{"line":108,"column":1}},"line":93}},"branchMap":{"0":{"loc":{"start":{"line":15,"column":20},"end":{"line":15,"column":41}},"type":"binary-expr","locations":[{"start":{"line":15,"column":20},"end":{"line":15,"column":32}},{"start":{"line":15,"column":36},"end":{"line":15,"column":41}}],"line":15},"1":{"loc":{"start":{"line":16,"column":30},"end":{"line":16,"column":57}},"type":"binary-expr","locations":[{"start":{"line":16,"column":30},"end":{"line":16,"column":52}},{"start":{"line":16,"column":56},"end":{"line":16,"column":57}}],"line":16},"2":{"loc":{"start":{"line":43,"column":4},"end":{"line":43,"column":70}},"type":"if","locations":[{"start":{"line":43,"column":4},"end":{"line":43,"column":70}},{"start":{},"end":{}}],"line":43},"3":{"loc":{"start":{"line":44,"column":21},"end":{"line":44,"column":95}},"type":"cond-expr","locations":[{"start":{"line":44,"column":45},"end":{"line":44,"column":91}},{"start":{"line":44,"column":94},"end":{"line":44,"column":95}}],"line":44},"4":{"loc":{"start":{"line":62,"column":4},"end":{"line":62,"column":70}},"type":"if","locations":[{"start":{"line":62,"column":4},"end":{"line":62,"column":70}},{"start":{},"end":{}}],"line":62},"5":{"loc":{"start":{"line":75,"column":4},"end":{"line":75,"column":70}},"type":"if","locations":[{"start":{"line":75,"column":4},"end":{"line":75,"column":70}},{"start":{},"end":{}}],"line":75},"6":{"loc":{"start":{"line":99,"column":6},"end":{"line":101,"column":7}},"type":"if","locations":[{"start":{"line":99,"column":6},"end":{"line":101,"column":7}},{"start":{},"end":{}}],"line":99}},"s":{"0":7,"1":3,"2":3,"3":3,"4":3,"5":2,"6":1,"7":7,"8":3,"9":3,"10":2,"11":1,"12":7,"13":4,"14":4,"15":3,"16":1,"17":2,"18":2,"19":1,"20":7,"21":4,"22":4,"23":4,"24":3,"25":1,"26":2,"27":1,"28":7,"29":4,"30":4,"31":3,"32":1,"33":2,"34":1,"35":7,"36":3,"37":3,"38":2,"39":3,"40":3,"41":3,"42":2,"43":3,"44":1,"45":1},"f":{"0":3,"1":3,"2":4,"3":4,"4":4,"5":3},"b":{"0":[3,3],"1":[3,3],"2":[1,2],"3":[2,0],"4":[1,2],"5":[1,2],"6":[2,1]},"_coverageSchema":"1a1c01bbd47fc00a2c39e90264f33305004495a9","hash":"89a56ded26349704c986d9661fbcca42a276d938"}
,"C:\\Users\\ASUS\\SliitProjects\\ApplicationFrameworks-SE3040\\Assignment01\\project-Dumidu1212\\backend\\controllers\\notificationController.js": {"path":"C:\\Users\\ASUS\\SliitProjects\\ApplicationFrameworks-SE3040\\Assignment01\\project-Dumidu1212\\backend\\controllers\\notificationController.js","statementMap":{"0":{"start":{"line":11,"column":34},"end":{"line":23,"column":1}},"1":{"start":{"line":12,"column":23},"end":{"line":12,"column":72}},"2":{"start":{"line":14,"column":28},"end":{"line":14,"column":53}},"3":{"start":{"line":16,"column":13},"end":{"line":16,"column":26}},"4":{"start":{"line":17,"column":2},"end":{"line":20,"column":3}},"5":{"start":{"line":19,"column":4},"end":{"line":19,"column":66}},"6":{"start":{"line":22,"column":2},"end":{"line":22,"column":27}},"7":{"start":{"line":28,"column":39},"end":{"line":35,"column":1}},"8":{"start":{"line":29,"column":2},"end":{"line":34,"column":3}},"9":{"start":{"line":30,"column":26},"end":{"line":30,"column":96}},"10":{"start":{"line":31,"column":4},"end":{"line":31,"column":28}},"11":{"start":{"line":33,"column":4},"end":{"line":33,"column":72}}},"fnMap":{"0":{"name":"(anonymous_0)","decl":{"start":{"line":11,"column":34},"end":{"line":11,"column":35}},"loc":{"start":{"line":11,"column":80},"end":{"line":23,"column":1}},"line":11},"1":{"name":"(anonymous_1)","decl":{"start":{"line":28,"column":39},"end":{"line":28,"column":40}},"loc":{"start":{"line":28,"column":59},"end":{"line":35,"column":1}},"line":28}},"branchMap":{"0":{"loc":{"start":{"line":11,"column":58},"end":{"line":11,"column":75}},"type":"default-arg","locations":[{"start":{"line":11,"column":65},"end":{"line":11,"column":75}}],"line":11},"1":{"loc":{"start":{"line":17,"column":2},"end":{"line":20,"column":3}},"type":"if","locations":[{"start":{"line":17,"column":2},"end":{"line":20,"column":3}},{"start":{},"end":{}}],"line":17}},"s":{"0":7,"1":3,"2":3,"3":2,"4":2,"5":1,"6":2,"7":7,"8":3,"9":3,"10":2,"11":1},"f":{"0":3,"1":3},"b":{"0":[0],"1":[1,1]},"_coverageSchema":"1a1c01bbd47fc00a2c39e90264f33305004495a9","hash":"a1f5e19ec555d8fb93207be6f27dc888a82d0949"}
,"C:\\Users\\ASUS\\SliitProjects\\ApplicationFrameworks-SE3040\\Assignment01\\project-Dumidu1212\\backend\\controllers\\reportingController.js": {"path":"C:\\Users\\ASUS\\SliitProjects\\ApplicationFrameworks-SE3040\\Assignment01\\project-Dumidu1212\\backend\\controllers\\reportingController.js","statementMap":{"0":{"start":{"line":19,"column":47},"end":{"line":68,"column":1}},"1":{"start":{"line":20,"column":2},"end":{"line":67,"column":3}},"2":{"start":{"line":21,"column":78},"end":{"line":21,"column":87}},"3":{"start":{"line":22,"column":25},"end":{"line":22,"column":30}},"4":{"start":{"line":23,"column":18},"end":{"line":23,"column":39}},"5":{"start":{"line":25,"column":4},"end":{"line":25,"column":77}},"6":{"start":{"line":25,"column":19},"end":{"line":25,"column":77}},"7":{"start":{"line":26,"column":4},"end":{"line":26,"column":73}},"8":{"start":{"line":26,"column":17},"end":{"line":26,"column":73}},"9":{"start":{"line":27,"column":4},"end":{"line":27,"column":32}},"10":{"start":{"line":27,"column":14},"end":{"line":27,"column":32}},"11":{"start":{"line":28,"column":4},"end":{"line":28,"column":44}},"12":{"start":{"line":28,"column":18},"end":{"line":28,"column":44}},"13":{"start":{"line":29,"column":4},"end":{"line":32,"column":5}},"14":{"start":{"line":30,"column":22},"end":{"line":30,"column":60}},"15":{"start":{"line":30,"column":49},"end":{"line":30,"column":59}},"16":{"start":{"line":31,"column":6},"end":{"line":31,"column":36}},"17":{"start":{"line":34,"column":25},"end":{"line":34,"column":61}},"18":{"start":{"line":36,"column":19},"end":{"line":36,"column":21}},"19":{"start":{"line":37,"column":4},"end":{"line":58,"column":7}},"20":{"start":{"line":38,"column":27},"end":{"line":38,"column":28}},"21":{"start":{"line":39,"column":6},"end":{"line":44,"column":7}},"22":{"start":{"line":40,"column":8},"end":{"line":40,"column":103}},"23":{"start":{"line":41,"column":8},"end":{"line":41,"column":95}},"24":{"start":{"line":43,"column":8},"end":{"line":43,"column":91}},"25":{"start":{"line":45,"column":30},"end":{"line":45,"column":56}},"26":{"start":{"line":46,"column":19},"end":{"line":46,"column":36}},"27":{"start":{"line":47,"column":21},"end":{"line":47,"column":23}},"28":{"start":{"line":48,"column":6},"end":{"line":52,"column":7}},"29":{"start":{"line":49,"column":8},"end":{"line":49,"column":93}},"30":{"start":{"line":51,"column":8},"end":{"line":51,"column":72}},"31":{"start":{"line":53,"column":6},"end":{"line":55,"column":7}},"32":{"start":{"line":54,"column":8},"end":{"line":54,"column":50}},"33":{"start":{"line":56,"column":6},"end":{"line":56,"column":48}},"34":{"start":{"line":57,"column":6},"end":{"line":57,"column":34}},"35":{"start":{"line":60,"column":25},"end":{"line":62,"column":87}},"36":{"start":{"line":62,"column":19},"end":{"line":62,"column":85}},"37":{"start":{"line":64,"column":4},"end":{"line":64,"column":27}},"38":{"start":{"line":66,"column":4},"end":{"line":66,"column":72}},"39":{"start":{"line":74,"column":44},"end":{"line":105,"column":1}},"40":{"start":{"line":75,"column":2},"end":{"line":104,"column":3}},"41":{"start":{"line":76,"column":19},"end":{"line":76,"column":30}},"42":{"start":{"line":77,"column":25},"end":{"line":77,"column":30}},"43":{"start":{"line":79,"column":20},"end":{"line":79,"column":83}},"44":{"start":{"line":80,"column":24},"end":{"line":88,"column":9}},"45":{"start":{"line":81,"column":17},"end":{"line":81,"column":18}},"46":{"start":{"line":82,"column":6},"end":{"line":86,"column":7}},"47":{"start":{"line":83,"column":8},"end":{"line":83,"column":93}},"48":{"start":{"line":85,"column":8},"end":{"line":85,"column":85}},"49":{"start":{"line":87,"column":6},"end":{"line":87,"column":38}},"50":{"start":{"line":90,"column":21},"end":{"line":90,"column":85}},"51":{"start":{"line":91,"column":25},"end":{"line":99,"column":9}},"52":{"start":{"line":92,"column":17},"end":{"line":92,"column":18}},"53":{"start":{"line":93,"column":6},"end":{"line":97,"column":7}},"54":{"start":{"line":94,"column":8},"end":{"line":94,"column":93}},"55":{"start":{"line":96,"column":8},"end":{"line":96,"column":86}},"56":{"start":{"line":98,"column":6},"end":{"line":98,"column":38}},"57":{"start":{"line":101,"column":4},"end":{"line":101,"column":84}},"58":{"start":{"line":103,"column":4},"end":{"line":103,"column":72}}},"fnMap":{"0":{"name":"(anonymous_0)","decl":{"start":{"line":19,"column":47},"end":{"line":19,"column":48}},"loc":{"start":{"line":19,"column":67},"end":{"line":68,"column":1}},"line":19},"1":{"name":"(anonymous_1)","decl":{"start":{"line":30,"column":42},"end":{"line":30,"column":43}},"loc":{"start":{"line":30,"column":49},"end":{"line":30,"column":59}},"line":30},"2":{"name":"(anonymous_2)","decl":{"start":{"line":37,"column":25},"end":{"line":37,"column":26}},"loc":{"start":{"line":37,"column":31},"end":{"line":58,"column":5}},"line":37},"3":{"name":"(anonymous_3)","decl":{"start":{"line":62,"column":11},"end":{"line":62,"column":12}},"loc":{"start":{"line":62,"column":19},"end":{"line":62,"column":85}},"line":62},"4":{"name":"(anonymous_4)","decl":{"start":{"line":74,"column":44},"end":{"line":74,"column":45}},"loc":{"start":{"line":74,"column":64},"end":{"line":105,"column":1}},"line":74},"5":{"name":"(anonymous_5)","decl":{"start":{"line":80,"column":39},"end":{"line":80,"column":40}},"loc":{"start":{"line":80,"column":52},"end":{"line":88,"column":5}},"line":80},"6":{"name":"(anonymous_6)","decl":{"start":{"line":91,"column":41},"end":{"line":91,"column":42}},"loc":{"start":{"line":91,"column":54},"end":{"line":99,"column":5}},"line":91}},"branchMap":{"0":{"loc":{"start":{"line":21,"column":32},"end":{"line":21,"column":51}},"type":"default-arg","locations":[{"start":{"line":21,"column":42},"end":{"line":21,"column":51}}],"line":21},"1":{"loc":{"start":{"line":25,"column":4},"end":{"line":25,"column":77}},"type":"if","locations":[{"start":{"line":25,"column":4},"end":{"line":25,"column":77}},{"start":{},"end":{}}],"line":25},"2":{"loc":{"start":{"line":26,"column":4},"end":{"line":26,"column":73}},"type":"if","locations":[{"start":{"line":26,"column":4},"end":{"line":26,"column":73}},{"start":{},"end":{}}],"line":26},"3":{"loc":{"start":{"line":27,"column":4},"end":{"line":27,"column":32}},"type":"if","locations":[{"start":{"line":27,"column":4},"end":{"line":27,"column":32}},{"start":{},"end":{}}],"line":27},"4":{"loc":{"start":{"line":28,"column":4},"end":{"line":28,"column":44}},"type":"if","locations":[{"start":{"line":28,"column":4},"end":{"line":28,"column":44}},{"start":{},"end":{}}],"line":28},"5":{"loc":{"start":{"line":29,"column":4},"end":{"line":32,"column":5}},"type":"if","locations":[{"start":{"line":29,"column":4},"end":{"line":32,"column":5}},{"start":{},"end":{}}],"line":29},"6":{"loc":{"start":{"line":40,"column":25},"end":{"line":40,"column":102}},"type":"cond-expr","locations":[{"start":{"line":40,"column":56},"end":{"line":40,"column":98}},{"start":{"line":40,"column":101},"end":{"line":40,"column":102}}],"line":40},"7":{"loc":{"start":{"line":48,"column":6},"end":{"line":52,"column":7}},"type":"if","locations":[{"start":{"line":48,"column":6},"end":{"line":52,"column":7}},{"start":{"line":50,"column":13},"end":{"line":52,"column":7}}],"line":48},"8":{"loc":{"start":{"line":53,"column":6},"end":{"line":55,"column":7}},"type":"if","locations":[{"start":{"line":53,"column":6},"end":{"line":55,"column":7}},{"start":{},"end":{}}],"line":53},"9":{"loc":{"start":{"line":83,"column":15},"end":{"line":83,"column":92}},"type":"cond-expr","locations":[{"start":{"line":83,"column":46},"end":{"line":83,"column":88}},{"start":{"line":83,"column":91},"end":{"line":83,"column":92}}],"line":83},"10":{"loc":{"start":{"line":94,"column":15},"end":{"line":94,"column":92}},"type":"cond-expr","locations":[{"start":{"line":94,"column":46},"end":{"line":94,"column":88}},{"start":{"line":94,"column":91},"end":{"line":94,"column":92}}],"line":94}},"s":{"0":7,"1":5,"2":5,"3":5,"4":5,"5":5,"6":1,"7":5,"8":1,"9":5,"10":1,"11":5,"12":1,"13":5,"14":1,"15":2,"16":1,"17":5,"18":4,"19":4,"20":8,"21":8,"22":8,"23":8,"24":0,"25":8,"26":8,"27":8,"28":8,"29":3,"30":5,"31":8,"32":5,"33":8,"34":8,"35":4,"36":5,"37":4,"38":1,"39":7,"40":3,"41":3,"42":3,"43":3,"44":2,"45":3,"46":3,"47":3,"48":0,"49":3,"50":2,"51":2,"52":2,"53":2,"54":2,"55":0,"56":2,"57":2,"58":1},"f":{"0":5,"1":2,"2":8,"3":5,"4":3,"5":3,"6":2},"b":{"0":[4],"1":[1,4],"2":[1,4],"3":[1,4],"4":[1,4],"5":[1,4],"6":[1,7],"7":[3,5],"8":[5,3],"9":[1,2],"10":[1,1]},"_coverageSchema":"1a1c01bbd47fc00a2c39e90264f33305004495a9","hash":"a0593c3c90686bd42138db0336421bbe1ddf7129"}
,"C:\\Users\\ASUS\\SliitProjects\\ApplicationFrameworks-SE3040\\Assignment01\\project-Dumidu1212\\backend\\controllers\\transactionController.js": {"path":"C:\\Users\\ASUS\\SliitProjects\\ApplicationFrameworks-SE3040\\Assignment01\\project-Dumidu1212\\backend\\controllers\\transactionController.js","statementMap":{"0":{"start":{"line":9,"column":33},"end":{"line":19,"column":1}},"1":{"start":{"line":10,"column":2},"end":{"line":18,"column":3}},"2":{"start":{"line":11,"column":28},"end":{"line":11,"column":62}},"3":{"start":{"line":12,"column":24},"end":{"line":12,"column":56}},"4":{"start":{"line":14,"column":29},"end":{"line":14,"column":53}},"5":{"start":{"line":15,"column":4},"end":{"line":15,"column":43}},"6":{"start":{"line":17,"column":4},"end":{"line":17,"column":72}},"7":{"start":{"line":24,"column":31},"end":{"line":31,"column":1}},"8":{"start":{"line":25,"column":2},"end":{"line":30,"column":3}},"9":{"start":{"line":26,"column":25},"end":{"line":26,"column":89}},"10":{"start":{"line":27,"column":4},"end":{"line":27,"column":27}},"11":{"start":{"line":29,"column":4},"end":{"line":29,"column":72}},"12":{"start":{"line":36,"column":34},"end":{"line":44,"column":1}},"13":{"start":{"line":37,"column":2},"end":{"line":43,"column":3}},"14":{"start":{"line":38,"column":24},"end":{"line":38,"column":92}},"15":{"start":{"line":39,"column":4},"end":{"line":39,"column":84}},"16":{"start":{"line":39,"column":22},"end":{"line":39,"column":84}},"17":{"start":{"line":40,"column":4},"end":{"line":40,"column":26}},"18":{"start":{"line":42,"column":4},"end":{"line":42,"column":72}},"19":{"start":{"line":49,"column":33},"end":{"line":62,"column":1}},"20":{"start":{"line":50,"column":2},"end":{"line":61,"column":3}},"21":{"start":{"line":51,"column":20},"end":{"line":51,"column":28}},"22":{"start":{"line":52,"column":24},"end":{"line":56,"column":5}},"23":{"start":{"line":57,"column":4},"end":{"line":57,"column":84}},"24":{"start":{"line":57,"column":22},"end":{"line":57,"column":84}},"25":{"start":{"line":58,"column":4},"end":{"line":58,"column":26}},"26":{"start":{"line":60,"column":4},"end":{"line":60,"column":72}},"27":{"start":{"line":67,"column":40},"end":{"line":75,"column":1}},"28":{"start":{"line":68,"column":2},"end":{"line":74,"column":3}},"29":{"start":{"line":70,"column":34},"end":{"line":70,"column":115}},"30":{"start":{"line":71,"column":4},"end":{"line":71,"column":36}},"31":{"start":{"line":73,"column":4},"end":{"line":73,"column":72}},"32":{"start":{"line":80,"column":33},"end":{"line":88,"column":1}},"33":{"start":{"line":81,"column":2},"end":{"line":87,"column":3}},"34":{"start":{"line":82,"column":24},"end":{"line":82,"column":101}},"35":{"start":{"line":83,"column":4},"end":{"line":83,"column":84}},"36":{"start":{"line":83,"column":22},"end":{"line":83,"column":84}},"37":{"start":{"line":84,"column":4},"end":{"line":84,"column":58}},"38":{"start":{"line":86,"column":4},"end":{"line":86,"column":72}}},"fnMap":{"0":{"name":"(anonymous_0)","decl":{"start":{"line":9,"column":33},"end":{"line":9,"column":34}},"loc":{"start":{"line":9,"column":53},"end":{"line":19,"column":1}},"line":9},"1":{"name":"(anonymous_1)","decl":{"start":{"line":24,"column":31},"end":{"line":24,"column":32}},"loc":{"start":{"line":24,"column":51},"end":{"line":31,"column":1}},"line":24},"2":{"name":"(anonymous_2)","decl":{"start":{"line":36,"column":34},"end":{"line":36,"column":35}},"loc":{"start":{"line":36,"column":54},"end":{"line":44,"column":1}},"line":36},"3":{"name":"(anonymous_3)","decl":{"start":{"line":49,"column":33},"end":{"line":49,"column":34}},"loc":{"start":{"line":49,"column":53},"end":{"line":62,"column":1}},"line":49},"4":{"name":"(anonymous_4)","decl":{"start":{"line":67,"column":40},"end":{"line":67,"column":41}},"loc":{"start":{"line":67,"column":60},"end":{"line":75,"column":1}},"line":67},"5":{"name":"(anonymous_5)","decl":{"start":{"line":80,"column":33},"end":{"line":80,"column":34}},"loc":{"start":{"line":80,"column":53},"end":{"line":88,"column":1}},"line":80}},"branchMap":{"0":{"loc":{"start":{"line":39,"column":4},"end":{"line":39,"column":84}},"type":"if","locations":[{"start":{"line":39,"column":4},"end":{"line":39,"column":84}},{"start":{},"end":{}}],"line":39},"1":{"loc":{"start":{"line":57,"column":4},"end":{"line":57,"column":84}},"type":"if","locations":[{"start":{"line":57,"column":4},"end":{"line":57,"column":84}},{"start":{},"end":{}}],"line":57},"2":{"loc":{"start":{"line":83,"column":4},"end":{"line":83,"column":84}},"type":"if","locations":[{"start":{"line":83,"column":4},"end":{"line":83,"column":84}},{"start":{},"end":{}}],"line":83}},"s":{"0":7,"1":5,"2":5,"3":5,"4":5,"5":4,"6":1,"7":7,"8":3,"9":3,"10":2,"11":1,"12":7,"13":5,"14":5,"15":4,"16":2,"17":2,"18":1,"19":7,"20":4,"21":4,"22":4,"23":3,"24":1,"25":2,"26":1,"27":7,"28":0,"29":0,"30":0,"31":0,"32":7,"33":4,"34":4,"35":3,"36":1,"37":2,"38":1},"f":{"0":5,"1":3,"2":5,"3":4,"4":0,"5":4},"b":{"0":[2,2],"1":[1,2],"2":[1,2]},"_coverageSchema":"1a1c01bbd47fc00a2c39e90264f33305004495a9","hash":"02c1a52ea68bdf83985c48d04cca8f58f44fb2d2"}
,"C:\\Users\\ASUS\\SliitProjects\\ApplicationFrameworks-SE3040\\Assignment01\\project-Dumidu1212\\backend\\controllers\\userController.js": {"path":"C:\\Users\\ASUS\\SliitProjects\\ApplicationFrameworks-SE3040\\Assignment01\\project-Dumidu1212\\backend\\controllers\\userController.js","statementMap":{"0":{"start":{"line":5,"column":27},"end":{"line":13,"column":1}},"1":{"start":{"line":6,"column":2},"end":{"line":12,"column":3}},"2":{"start":{"line":7,"column":18},"end":{"line":7,"column":55}},"3":{"start":{"line":8,"column":4},"end":{"line":8,"column":20}},"4":{"start":{"line":10,"column":4},"end":{"line":10,"column":59}},"5":{"start":{"line":11,"column":4},"end":{"line":11,"column":72}},"6":{"start":{"line":15,"column":27},"end":{"line":24,"column":1}},"7":{"start":{"line":16,"column":2},"end":{"line":23,"column":3}},"8":{"start":{"line":17,"column":17},"end":{"line":17,"column":71}},"9":{"start":{"line":18,"column":4},"end":{"line":18,"column":70}},"10":{"start":{"line":18,"column":15},"end":{"line":18,"column":70}},"11":{"start":{"line":19,"column":4},"end":{"line":19,"column":19}},"12":{"start":{"line":21,"column":4},"end":{"line":21,"column":59}},"13":{"start":{"line":22,"column":4},"end":{"line":22,"column":72}},"14":{"start":{"line":26,"column":26},"end":{"line":39,"column":1}},"15":{"start":{"line":27,"column":2},"end":{"line":38,"column":3}},"16":{"start":{"line":28,"column":17},"end":{"line":32,"column":25}},"17":{"start":{"line":33,"column":4},"end":{"line":33,"column":70}},"18":{"start":{"line":33,"column":15},"end":{"line":33,"column":70}},"19":{"start":{"line":34,"column":4},"end":{"line":34,"column":19}},"20":{"start":{"line":36,"column":4},"end":{"line":36,"column":58}},"21":{"start":{"line":37,"column":4},"end":{"line":37,"column":72}},"22":{"start":{"line":41,"column":26},"end":{"line":50,"column":1}},"23":{"start":{"line":42,"column":2},"end":{"line":49,"column":3}},"24":{"start":{"line":43,"column":17},"end":{"line":43,"column":60}},"25":{"start":{"line":44,"column":4},"end":{"line":44,"column":70}},"26":{"start":{"line":44,"column":15},"end":{"line":44,"column":70}},"27":{"start":{"line":45,"column":4},"end":{"line":45,"column":51}},"28":{"start":{"line":47,"column":4},"end":{"line":47,"column":58}},"29":{"start":{"line":48,"column":4},"end":{"line":48,"column":72}}},"fnMap":{"0":{"name":"(anonymous_0)","decl":{"start":{"line":5,"column":27},"end":{"line":5,"column":28}},"loc":{"start":{"line":5,"column":47},"end":{"line":13,"column":1}},"line":5},"1":{"name":"(anonymous_1)","decl":{"start":{"line":15,"column":27},"end":{"line":15,"column":28}},"loc":{"start":{"line":15,"column":47},"end":{"line":24,"column":1}},"line":15},"2":{"name":"(anonymous_2)","decl":{"start":{"line":26,"column":26},"end":{"line":26,"column":27}},"loc":{"start":{"line":26,"column":46},"end":{"line":39,"column":1}},"line":26},"3":{"name":"(anonymous_3)","decl":{"start":{"line":41,"column":26},"end":{"line":41,"column":27}},"loc":{"start":{"line":41,"column":46},"end":{"line":50,"column":1}},"line":41}},"branchMap":{"0":{"loc":{"start":{"line":18,"column":4},"end":{"line":18,"column":70}},"type":"if","locations":[{"start":{"line":18,"column":4},"end":{"line":18,"column":70}},{"start":{},"end":{}}],"line":18},"1":{"loc":{"start":{"line":33,"column":4},"end":{"line":33,"column":70}},"type":"if","locations":[{"start":{"line":33,"column":4},"end":{"line":33,"column":70}},{"start":{},"end":{}}],"line":33},"2":{"loc":{"start":{"line":44,"column":4},"end":{"line":44,"column":70}},"type":"if","locations":[{"start":{"line":44,"column":4},"end":{"line":44,"column":70}},{"start":{},"end":{}}],"line":44}},"s":{"0":7,"1":3,"2":3,"3":2,"4":1,"5":1,"6":7,"7":4,"8":4,"9":3,"10":1,"11":2,"12":1,"13":1,"14":7,"15":4,"16":4,"17":3,"18":1,"19":2,"20":1,"21":1,"22":7,"23":4,"24":4,"25":3,"26":1,"27":2,"28":1,"29":1},"f":{"0":3,"1":4,"2":4,"3":4},"b":{"0":[1,2],"1":[1,2],"2":[1,2]},"_coverageSchema":"1a1c01bbd47fc00a2c39e90264f33305004495a9","hash":"f07a2b956eae53d3510707da67cbd65a6253bdaa"}
,"C:\\Users\\ASUS\\SliitProjects\\ApplicationFrameworks-SE3040\\Assignment01\\project-Dumidu1212\\backend\\models\\Budget.js": {"path":"C:\\Users\\ASUS\\SliitProjects\\ApplicationFrameworks-SE3040\\Assignment01\\project-Dumidu1212\\backend\\models\\Budget.js","statementMap":{"0":{"start":{"line":4,"column":21},"end":{"line":15,"column":1}}},"fnMap":{},"branchMap":{},"s":{"0":7},"f":{},"b":{},"_coverageSchema":"1a1c01bbd47fc00a2c39e90264f33305004495a9","hash":"f49748ab5a73f35c51b4d88ddc15b01255b4d237"}
,"C:\\Users\\ASUS\\SliitProjects\\ApplicationFrameworks-SE3040\\Assignment01\\project-Dumidu1212\\backend\\models\\Goal.js": {"path":"C:\\Users\\ASUS\\SliitProjects\\ApplicationFrameworks-SE3040\\Assignment01\\project-Dumidu1212\\backend\\models\\Goal.js","statementMap":{"0":{"start":{"line":4,"column":19},"end":{"line":18,"column":1}}},"fnMap":{},"branchMap":{},"s":{"0":7},"f":{},"b":{},"_coverageSchema":"1a1c01bbd47fc00a2c39e90264f33305004495a9","hash":"5a92fa402d164030f13a599f61607509b6e31dd5"}
,"C:\\Users\\ASUS\\SliitProjects\\ApplicationFrameworks-SE3040\\Assignment01\\project-Dumidu1212\\backend\\models\\Notification.js": {"path":"C:\\Users\\ASUS\\SliitProjects\\ApplicationFrameworks-SE3040\\Assignment01\\project-Dumidu1212\\backend\\models\\Notification.js","statementMap":{"0":{"start":{"line":4,"column":27},"end":{"line":12,"column":1}}},"fnMap":{},"branchMap":{},"s":{"0":7},"f":{},"b":{},"_coverageSchema":"1a1c01bbd47fc00a2c39e90264f33305004495a9","hash":"96822c6419069b7109a84ec67a77b7c1165de90a"}
,"C:\\Users\\ASUS\\SliitProjects\\ApplicationFrameworks-SE3040\\Assignment01\\project-Dumidu1212\\backend\\models\\Transaction.js": {"path":"C:\\Users\\ASUS\\SliitProjects\\ApplicationFrameworks-SE3040\\Assignment01\\project-Dumidu1212\\backend\\models\\Transaction.js","statementMap":{"0":{"start":{"line":4,"column":26},"end":{"line":20,"column":1}}},"fnMap":{},"branchMap":{},"s":{"0":7},"f":{},"b":{},"_coverageSchema":"1a1c01bbd47fc00a2c39e90264f33305004495a9","hash":"aada8870c4294ae6208649226a340fe8ffe8ee0e"}
,"C:\\Users\\ASUS\\SliitProjects\\ApplicationFrameworks-SE3040\\Assignment01\\project-Dumidu1212\\backend\\models\\User.js": {"path":"C:\\Users\\ASUS\\SliitProjects\\ApplicationFrameworks-SE3040\\Assignment01\\project-Dumidu1212\\backend\\models\\User.js","statementMap":{"0":{"start":{"line":4,"column":19},"end":{"line":12,"column":1}},"1":{"start":{"line":14,"column":0},"end":{"line":22,"column":3}},"2":{"start":{"line":15,"column":2},"end":{"line":15,"column":50}},"3":{"start":{"line":15,"column":36},"end":{"line":15,"column":50}},"4":{"start":{"line":16,"column":2},"end":{"line":21,"column":3}},"5":{"start":{"line":17,"column":4},"end":{"line":17,"column":53}},"6":{"start":{"line":18,"column":4},"end":{"line":18,"column":11}},"7":{"start":{"line":20,"column":4},"end":{"line":20,"column":16}},"8":{"start":{"line":24,"column":0},"end":{"line":26,"column":2}},"9":{"start":{"line":25,"column":2},"end":{"line":25,"column":61}}},"fnMap":{"0":{"name":"(anonymous_0)","decl":{"start":{"line":14,"column":23},"end":{"line":14,"column":24}},"loc":{"start":{"line":14,"column":45},"end":{"line":22,"column":1}},"line":14},"1":{"name":"(anonymous_1)","decl":{"start":{"line":24,"column":37},"end":{"line":24,"column":38}},"loc":{"start":{"line":24,"column":70},"end":{"line":26,"column":1}},"line":24}},"branchMap":{"0":{"loc":{"start":{"line":15,"column":2},"end":{"line":15,"column":50}},"type":"if","locations":[{"start":{"line":15,"column":2},"end":{"line":15,"column":50}},{"start":{},"end":{}}],"line":15}},"s":{"0":7,"1":7,"2":1,"3":0,"4":1,"5":1,"6":1,"7":0,"8":7,"9":0},"f":{"0":1,"1":0},"b":{"0":[0,1]},"_coverageSchema":"1a1c01bbd47fc00a2c39e90264f33305004495a9","hash":"6239be9ab94da8dc88474d6a5c662ad5751605f7"}
,"C:\\Users\\ASUS\\SliitProjects\\ApplicationFrameworks-SE3040\\Assignment01\\project-Dumidu1212\\backend\\tests\\integration\\test-setup.js": {"path":"C:\\Users\\ASUS\\SliitProjects\\ApplicationFrameworks-SE3040\\Assignment01\\project-Dumidu1212\\backend\\tests\\integration\\test-setup.js","statementMap":{"0":{"start":{"line":7,"column":0},"end":{"line":14,"column":3}},"1":{"start":{"line":8,"column":2},"end":{"line":8,"column":49}},"2":{"start":{"line":9,"column":14},"end":{"line":9,"column":34}},"3":{"start":{"line":10,"column":2},"end":{"line":13,"column":5}},"4":{"start":{"line":24,"column":0},"end":{"line":29,"column":3}},"5":{"start":{"line":25,"column":2},"end":{"line":25,"column":36}},"6":{"start":{"line":26,"column":2},"end":{"line":28,"column":3}},"7":{"start":{"line":27,"column":4},"end":{"line":27,"column":29}}},"fnMap":{"0":{"name":"(anonymous_0)","decl":{"start":{"line":7,"column":10},"end":{"line":7,"column":11}},"loc":{"start":{"line":7,"column":22},"end":{"line":14,"column":1}},"line":7},"1":{"name":"(anonymous_1)","decl":{"start":{"line":24,"column":9},"end":{"line":24,"column":10}},"loc":{"start":{"line":24,"column":21},"end":{"line":29,"column":1}},"line":24}},"branchMap":{"0":{"loc":{"start":{"line":26,"column":2},"end":{"line":28,"column":3}},"type":"if","locations":[{"start":{"line":26,"column":2},"end":{"line":28,"column":3}},{"start":{},"end":{}}],"line":26}},"s":{"0":1,"1":1,"2":1,"3":1,"4":1,"5":1,"6":1,"7":1},"f":{"0":1,"1":1},"b":{"0":[1,0]},"_coverageSchema":"1a1c01bbd47fc00a2c39e90264f33305004495a9","hash":"d1a4add4b94d3657bb1cd07ae3d97196cbfbe0ec"}
,"C:\\Users\\ASUS\\SliitProjects\\ApplicationFrameworks-SE3040\\Assignment01\\project-Dumidu1212\\backend\\utils\\exchangeRates.js": {"path":"C:\\Users\\ASUS\\SliitProjects\\ApplicationFrameworks-SE3040\\Assignment01\\project-Dumidu1212\\backend\\utils\\exchangeRates.js","statementMap":{"0":{"start":{"line":3,"column":0},"end":{"line":3,"column":16}},"1":{"start":{"line":5,"column":18},"end":{"line":5,"column":20}},"2":{"start":{"line":6,"column":17},"end":{"line":6,"column":21}},"3":{"start":{"line":8,"column":35},"end":{"line":32,"column":1}},"4":{"start":{"line":9,"column":2},"end":{"line":31,"column":3}},"5":{"start":{"line":10,"column":21},"end":{"line":15,"column":6}},"6":{"start":{"line":16,"column":4},"end":{"line":28,"column":5}},"7":{"start":{"line":17,"column":23},"end":{"line":17,"column":42}},"8":{"start":{"line":19,"column":6},"end":{"line":19,"column":23}},"9":{"start":{"line":20,"column":6},"end":{"line":23,"column":7}},"10":{"start":{"line":22,"column":8},"end":{"line":22,"column":74}},"11":{"start":{"line":24,"column":6},"end":{"line":24,"column":30}},"12":{"start":{"line":25,"column":6},"end":{"line":25,"column":58}},"13":{"start":{"line":27,"column":6},"end":{"line":27,"column":66}},"14":{"start":{"line":30,"column":4},"end":{"line":30,"column":67}},"15":{"start":{"line":43,"column":31},"end":{"line":55,"column":1}},"16":{"start":{"line":44,"column":2},"end":{"line":44,"column":44}},"17":{"start":{"line":44,"column":35},"end":{"line":44,"column":44}},"18":{"start":{"line":45,"column":2},"end":{"line":47,"column":3}},"19":{"start":{"line":46,"column":4},"end":{"line":46,"column":76}},"20":{"start":{"line":48,"column":19},"end":{"line":48,"column":73}},"21":{"start":{"line":49,"column":17},"end":{"line":49,"column":67}},"22":{"start":{"line":50,"column":2},"end":{"line":52,"column":3}},"23":{"start":{"line":51,"column":4},"end":{"line":51,"column":70}},"24":{"start":{"line":54,"column":2},"end":{"line":54,"column":58}},"25":{"start":{"line":60,"column":29},"end":{"line":60,"column":45}},"26":{"start":{"line":60,"column":35},"end":{"line":60,"column":45}}},"fnMap":{"0":{"name":"(anonymous_0)","decl":{"start":{"line":8,"column":35},"end":{"line":8,"column":36}},"loc":{"start":{"line":8,"column":47},"end":{"line":32,"column":1}},"line":8},"1":{"name":"(anonymous_1)","decl":{"start":{"line":43,"column":31},"end":{"line":43,"column":32}},"loc":{"start":{"line":43,"column":61},"end":{"line":55,"column":1}},"line":43},"2":{"name":"(anonymous_2)","decl":{"start":{"line":60,"column":29},"end":{"line":60,"column":30}},"loc":{"start":{"line":60,"column":35},"end":{"line":60,"column":45}},"line":60}},"branchMap":{"0":{"loc":{"start":{"line":16,"column":4},"end":{"line":28,"column":5}},"type":"if","locations":[{"start":{"line":16,"column":4},"end":{"line":28,"column":5}},{"start":{"line":26,"column":11},"end":{"line":28,"column":5}}],"line":16},"1":{"loc":{"start":{"line":16,"column":8},"end":{"line":16,"column":44}},"type":"binary-expr","locations":[{"start":{"line":16,"column":8},"end":{"line":16,"column":21}},{"start":{"line":16,"column":25},"end":{"line":16,"column":44}}],"line":16},"2":{"loc":{"start":{"line":44,"column":2},"end":{"line":44,"column":44}},"type":"if","locations":[{"start":{"line":44,"column":2},"end":{"line":44,"column":44}},{"start":{},"end":{}}],"line":44},"3":{"loc":{"start":{"line":45,"column":2},"end":{"line":47,"column":3}},"type":"if","locations":[{"start":{"line":45,"column":2},"end":{"line":47,"column":3}},{"start":{},"end":{}}],"line":45},"4":{"loc":{"start":{"line":45,"column":6},"end":{"line":45,"column":59}},"type":"binary-expr","locations":[{"start":{"line":45,"column":6},"end":{"line":45,"column":18}},{"start":{"line":45,"column":22},"end":{"line":45,"column":59}}],"line":45},"5":{"loc":{"start":{"line":48,"column":19},"end":{"line":48,"column":73}},"type":"cond-expr","locations":[{"start":{"line":48,"column":44},"end":{"line":48,"column":45}},{"start":{"line":48,"column":48},"end":{"line":48,"column":73}}],"line":48},"6":{"loc":{"start":{"line":49,"column":17},"end":{"line":49,"column":67}},"type":"cond-expr","locations":[{"start":{"line":49,"column":40},"end":{"line":49,"column":41}},{"start":{"line":49,"column":44},"end":{"line":49,"column":67}}],"line":49},"7":{"loc":{"start":{"line":50,"column":2},"end":{"line":52,"column":3}},"type":"if","locations":[{"start":{"line":50,"column":2},"end":{"line":52,"column":3}},{"start":{},"end":{}}],"line":50},"8":{"loc":{"start":{"line":50,"column":6},"end":{"line":50,"column":26}},"type":"binary-expr","locations":[{"start":{"line":50,"column":6},"end":{"line":50,"column":15}},{"start":{"line":50,"column":19},"end":{"line":50,"column":26}}],"line":50}},"s":{"0":7,"1":7,"2":7,"3":7,"4":0,"5":0,"6":0,"7":0,"8":0,"9":0,"10":0,"11":0,"12":0,"13":0,"14":0,"15":7,"16":0,"17":0,"18":0,"19":0,"20":0,"21":0,"22":0,"23":0,"24":0,"25":7,"26":0},"f":{"0":0,"1":0,"2":0},"b":{"0":[0,0],"1":[0,0],"2":[0,0],"3":[0,0],"4":[0,0],"5":[0,0],"6":[0,0],"7":[0,0],"8":[0,0]},"_coverageSchema":"1a1c01bbd47fc00a2c39e90264f33305004495a9","hash":"0c7eb54fc808abf038b7d3c73069c7d79e875166"}
,"C:\\Users\\ASUS\\SliitProjects\\ApplicationFrameworks-SE3040\\Assignment01\\project-Dumidu1212\\backend\\utils\\logger.js": {"path":"C:\\Users\\ASUS\\SliitProjects\\ApplicationFrameworks-SE3040\\Assignment01\\project-Dumidu1212\\backend\\utils\\logger.js","statementMap":{"0":{"start":{"line":3,"column":22},"end":{"line":3,"column":44}},"1":{"start":{"line":4,"column":21},"end":{"line":4,"column":41}}},"fnMap":{"0":{"name":"(anonymous_0)","decl":{"start":{"line":3,"column":9},"end":{"line":3,"column":10}},"loc":{"start":{"line":3,"column":22},"end":{"line":3,"column":44}},"line":3},"1":{"name":"(anonymous_1)","decl":{"start":{"line":4,"column":8},"end":{"line":4,"column":9}},"loc":{"start":{"line":4,"column":21},"end":{"line":4,"column":41}},"line":4}},"branchMap":{},"s":{"0":4,"1":0},"f":{"0":4,"1":0},"b":{},"_coverageSchema":"1a1c01bbd47fc00a2c39e90264f33305004495a9","hash":"0e0cab19b8fe172a0a1c62139a23b2aa7890aff7"}
,"C:\\Users\\ASUS\\SliitProjects\\ApplicationFrameworks-SE3040\\Assignment01\\project-Dumidu1212\\backend\\utils\\socket.js": {"path":"C:\\Users\\ASUS\\SliitProjects\\ApplicationFrameworks-SE3040\\Assignment01\\project-Dumidu1212\\backend\\utils\\socket.js","statementMap":{"0":{"start":{"line":2,"column":9},"end":{"line":2,"column":13}},"1":{"start":{"line":8,"column":27},"end":{"line":10,"column":1}},"2":{"start":{"line":9,"column":2},"end":{"line":9,"column":24}},"3":{"start":{"line":16,"column":27},"end":{"line":16,"column":35}},"4":{"start":{"line":16,"column":33},"end":{"line":16,"column":35}}},"fnMap":{"0":{"name":"(anonymous_0)","decl":{"start":{"line":8,"column":27},"end":{"line":8,"column":28}},"loc":{"start":{"line":8,"column":49},"end":{"line":10,"column":1}},"line":8},"1":{"name":"(anonymous_1)","decl":{"start":{"line":16,"column":27},"end":{"line":16,"column":28}},"loc":{"start":{"line":16,"column":33},"end":{"line":16,"column":35}},"line":16}},"branchMap":{},"s":{"0":7,"1":7,"2":0,"3":7,"4":0},"f":{"0":0,"1":0},"b":{},"_coverageSchema":"1a1c01bbd47fc00a2c39e90264f33305004495a9","hash":"e88c3d19775e49977b6ccbc93eadf2db7706484a"}
}
