TN:
SF:app.js
FN:14,(anonymous_0)
FNF:1
FNH:1
FNDA:83,(anonymous_0)
DA:10,7
DA:11,7
DA:14,7
DA:15,83
DA:16,83
DA:19,7
DA:20,7
DA:21,7
DA:22,7
DA:24,7
DA:25,7
DA:26,7
DA:27,7
DA:28,7
DA:29,7
DA:31,7
DA:32,7
DA:34,7
DA:36,7
DA:37,7
DA:38,7
DA:39,7
DA:40,7
DA:42,7
DA:43,7
DA:44,7
DA:45,7
DA:46,7
LF:28
LH:28
BRF:0
BRH:0
end_of_record
TN:
SF:controllers\authController.js
FN:12,(anonymous_0)
FN:37,(anonymous_1)
FN:76,(anonymous_2)
FN:82,(anonymous_3)
FNF:4
FNH:4
FNDA:4,(anonymous_0)
FNDA:5,(anonymous_1)
FNDA:3,(anonymous_2)
FNDA:2,(anonymous_3)
DA:6,1
DA:12,1
DA:13,4
DA:14,4
DA:15,1
DA:18,3
DA:19,3
DA:20,3
DA:21,2
DA:22,1
DA:24,1
DA:25,1
DA:26,1
DA:28,1
DA:37,1
DA:38,5
DA:39,5
DA:40,1
DA:43,4
DA:44,4
DA:45,4
DA:46,3
DA:47,2
DA:50,1
DA:55,1
DA:60,1
DA:62,1
DA:67,1
DA:69,1
DA:76,1
DA:77,3
DA:78,3
DA:79,1
DA:82,2
DA:83,2
DA:84,1
DA:86,1
DA:91,1
LF:38
LH:38
BRDA:14,0,0,1
BRDA:14,0,1,3
BRDA:21,1,0,1
BRDA:21,1,1,1
BRDA:39,2,0,1
BRDA:39,2,1,4
BRDA:46,3,0,2
BRDA:46,3,1,1
BRDA:46,4,0,3
BRDA:46,4,1,2
BRDA:78,5,0,1
BRDA:78,5,1,2
BRDA:83,6,0,1
BRDA:83,6,1,1
BRF:14
BRH:14
end_of_record
TN:
SF:controllers\budgetController.js
FN:7,(anonymous_0)
FN:21,(anonymous_1)
FN:33,(anonymous_2)
FN:46,(anonymous_3)
FN:64,(anonymous_4)
FNF:5
FNH:5
FNDA:3,(anonymous_0)
FNDA:3,(anonymous_1)
FNDA:4,(anonymous_2)
FNDA:4,(anonymous_3)
FNDA:4,(anonymous_4)
DA:7,7
DA:8,3
DA:9,3
DA:10,3
DA:11,3
DA:12,2
DA:14,1
DA:21,7
DA:22,3
DA:23,3
DA:24,2
DA:26,1
DA:33,7
DA:34,4
DA:35,4
DA:36,3
DA:37,2
DA:39,1
DA:46,7
DA:47,4
DA:48,4
DA:49,4
DA:54,3
DA:55,2
DA:57,1
DA:64,7
DA:65,4
DA:66,4
DA:67,3
DA:68,2
DA:70,1
LF:31
LH:31
BRDA:36,0,0,1
BRDA:36,0,1,2
BRDA:54,1,0,1
BRDA:54,1,1,2
BRDA:67,2,0,1
BRDA:67,2,1,2
BRF:6
BRH:6
end_of_record
TN:
SF:controllers\goalController.js
FN:7,(anonymous_0)
FN:28,(anonymous_1)
FN:40,(anonymous_2)
FN:54,(anonymous_3)
FN:72,(anonymous_4)
FN:93,(anonymous_5)
FNF:6
FNH:6
FNDA:3,(anonymous_0)
FNDA:3,(anonymous_1)
FNDA:4,(anonymous_2)
FNDA:4,(anonymous_3)
FNDA:4,(anonymous_4)
FNDA:3,(anonymous_5)
DA:7,7
DA:8,3
DA:9,3
DA:10,3
DA:18,3
DA:19,2
DA:21,1
DA:28,7
DA:29,3
DA:30,3
DA:31,2
DA:33,1
DA:40,7
DA:41,4
DA:42,4
DA:43,3
DA:44,2
DA:45,2
DA:47,1
DA:54,7
DA:55,4
DA:56,4
DA:57,4
DA:62,3
DA:63,2
DA:65,1
DA:72,7
DA:73,4
DA:74,4
DA:75,3
DA:76,2
DA:78,1
DA:93,7
DA:94,3
DA:95,3
DA:96,2
DA:97,3
DA:98,3
DA:99,3
DA:100,2
DA:102,3
DA:105,1
DA:106,1
LF:43
LH:43
BRDA:15,0,0,3
BRDA:15,0,1,3
BRDA:16,1,0,3
BRDA:16,1,1,3
BRDA:43,2,0,1
BRDA:43,2,1,2
BRDA:44,3,0,2
BRDA:44,3,1,0
BRDA:62,4,0,1
BRDA:62,4,1,2
BRDA:75,5,0,1
BRDA:75,5,1,2
BRDA:99,6,0,2
BRDA:99,6,1,1
BRF:14
BRH:13
end_of_record
TN:
SF:controllers\notificationController.js
FN:11,(anonymous_0)
FN:28,(anonymous_1)
FNF:2
FNH:2
FNDA:3,(anonymous_0)
FNDA:3,(anonymous_1)
DA:11,7
DA:12,3
DA:14,3
DA:16,2
DA:17,2
DA:19,1
DA:22,2
DA:28,7
DA:29,3
DA:30,3
DA:31,2
DA:33,1
LF:12
LH:12
BRDA:11,0,0,0
BRDA:17,1,0,1
BRDA:17,1,1,1
BRF:3
BRH:2
end_of_record
TN:
SF:controllers\reportingController.js
FN:19,(anonymous_0)
FN:30,(anonymous_1)
FN:37,(anonymous_2)
FN:62,(anonymous_3)
FN:74,(anonymous_4)
FN:80,(anonymous_5)
FN:91,(anonymous_6)
FNF:7
FNH:7
FNDA:5,(anonymous_0)
FNDA:2,(anonymous_1)
FNDA:8,(anonymous_2)
FNDA:5,(anonymous_3)
FNDA:3,(anonymous_4)
FNDA:3,(anonymous_5)
FNDA:2,(anonymous_6)
DA:19,7
DA:20,5
DA:21,5
DA:22,5
DA:23,5
DA:25,5
DA:26,5
DA:27,5
DA:28,5
DA:29,5
DA:30,2
DA:31,1
DA:34,5
DA:36,4
DA:37,4
DA:38,8
DA:39,8
DA:40,8
DA:41,8
DA:43,0
DA:45,8
DA:46,8
DA:47,8
DA:48,8
DA:49,3
DA:51,5
DA:53,8
DA:54,5
DA:56,8
DA:57,8
DA:60,4
DA:62,5
DA:64,4
DA:66,1
DA:74,7
DA:75,3
DA:76,3
DA:77,3
DA:79,3
DA:80,2
DA:81,3
DA:82,3
DA:83,3
DA:85,0
DA:87,3
DA:90,2
DA:91,2
DA:92,2
DA:93,2
DA:94,2
DA:96,0
DA:98,2
DA:101,2
DA:103,1
LF:54
LH:51
BRDA:21,0,0,4
BRDA:25,1,0,1
BRDA:25,1,1,4
BRDA:26,2,0,1
BRDA:26,2,1,4
BRDA:27,3,0,1
BRDA:27,3,1,4
BRDA:28,4,0,1
BRDA:28,4,1,4
BRDA:29,5,0,1
BRDA:29,5,1,4
BRDA:40,6,0,1
BRDA:40,6,1,7
BRDA:48,7,0,3
BRDA:48,7,1,5
BRDA:53,8,0,5
BRDA:53,8,1,3
BRDA:83,9,0,1
BRDA:83,9,1,2
BRDA:94,10,0,1
BRDA:94,10,1,1
BRF:21
BRH:21
end_of_record
TN:
SF:controllers\transactionController.js
FN:9,(anonymous_0)
FN:24,(anonymous_1)
FN:36,(anonymous_2)
FN:49,(anonymous_3)
FN:67,(anonymous_4)
FN:80,(anonymous_5)
FNF:6
FNH:5
FNDA:5,(anonymous_0)
FNDA:3,(anonymous_1)
FNDA:5,(anonymous_2)
FNDA:4,(anonymous_3)
FNDA:0,(anonymous_4)
FNDA:4,(anonymous_5)
DA:9,7
DA:10,5
DA:11,5
DA:12,5
DA:14,5
DA:15,4
DA:17,1
DA:24,7
DA:25,3
DA:26,3
DA:27,2
DA:29,1
DA:36,7
DA:37,5
DA:38,5
DA:39,4
DA:40,2
DA:42,1
DA:49,7
DA:50,4
DA:51,4
DA:52,4
DA:57,3
DA:58,2
DA:60,1
DA:67,7
DA:68,0
DA:70,0
DA:71,0
DA:73,0
DA:80,7
DA:81,4
DA:82,4
DA:83,3
DA:84,2
DA:86,1
LF:36
LH:32
BRDA:39,0,0,2
BRDA:39,0,1,2
BRDA:57,1,0,1
BRDA:57,1,1,2
BRDA:83,2,0,1
BRDA:83,2,1,2
BRF:6
BRH:6
end_of_record
TN:
SF:controllers\userController.js
FN:5,(anonymous_0)
FN:15,(anonymous_1)
FN:26,(anonymous_2)
FN:41,(anonymous_3)
FNF:4
FNH:4
FNDA:3,(anonymous_0)
FNDA:4,(anonymous_1)
FNDA:4,(anonymous_2)
FNDA:4,(anonymous_3)
DA:5,7
DA:6,3
DA:7,3
DA:8,2
DA:10,1
DA:11,1
DA:15,7
DA:16,4
DA:17,4
DA:18,3
DA:19,2
DA:21,1
DA:22,1
DA:26,7
DA:27,4
DA:28,4
DA:33,3
DA:34,2
DA:36,1
DA:37,1
DA:41,7
DA:42,4
DA:43,4
DA:44,3
DA:45,2
DA:47,1
DA:48,1
LF:27
LH:27
BRDA:18,0,0,1
BRDA:18,0,1,2
BRDA:33,1,0,1
BRDA:33,1,1,2
BRDA:44,2,0,1
BRDA:44,2,1,2
BRF:6
BRH:6
end_of_record
TN:
SF:models\Budget.js
FNF:0
FNH:0
DA:4,7
LF:1
LH:1
BRF:0
BRH:0
end_of_record
TN:
SF:models\Goal.js
FNF:0
FNH:0
DA:4,7
LF:1
LH:1
BRF:0
BRH:0
end_of_record
TN:
SF:models\Notification.js
FNF:0
FNH:0
DA:4,7
LF:1
LH:1
BRF:0
BRH:0
end_of_record
TN:
SF:models\Transaction.js
FNF:0
FNH:0
DA:4,7
LF:1
LH:1
BRF:0
BRH:0
end_of_record
TN:
SF:models\User.js
FN:14,(anonymous_0)
FN:24,(anonymous_1)
FNF:2
FNH:1
FNDA:1,(anonymous_0)
FNDA:0,(anonymous_1)
DA:4,7
DA:14,7
DA:15,1
DA:16,1
DA:17,1
DA:18,1
DA:20,0
DA:24,7
DA:25,0
LF:9
LH:7
BRDA:15,0,0,0
BRDA:15,0,1,1
BRF:2
BRH:1
end_of_record
TN:
SF:tests\integration\test-setup.js
FN:7,(anonymous_0)
FN:24,(anonymous_1)
FNF:2
FNH:2
FNDA:1,(anonymous_0)
FNDA:1,(anonymous_1)
DA:7,1
DA:8,1
DA:9,1
DA:10,1
DA:24,1
DA:25,1
DA:26,1
DA:27,1
LF:8
LH:8
BRDA:26,0,0,1
BRDA:26,0,1,0
BRF:2
BRH:1
end_of_record
TN:
SF:utils\exchangeRates.js
FN:8,(anonymous_0)
FN:43,(anonymous_1)
FN:60,(anonymous_2)
FNF:3
FNH:0
FNDA:0,(anonymous_0)
FNDA:0,(anonymous_1)
FNDA:0,(anonymous_2)
DA:3,7
DA:5,7
DA:6,7
DA:8,7
DA:9,0
DA:10,0
DA:16,0
DA:17,0
DA:19,0
DA:20,0
DA:22,0
DA:24,0
DA:25,0
DA:27,0
DA:30,0
DA:43,7
DA:44,0
DA:45,0
DA:46,0
DA:48,0
DA:49,0
DA:50,0
DA:51,0
DA:54,0
DA:60,7
LF:25
LH:6
BRDA:16,0,0,0
BRDA:16,0,1,0
BRDA:16,1,0,0
BRDA:16,1,1,0
BRDA:44,2,0,0
BRDA:44,2,1,0
BRDA:45,3,0,0
BRDA:45,3,1,0
BRDA:45,4,0,0
BRDA:45,4,1,0
BRDA:48,5,0,0
BRDA:48,5,1,0
BRDA:49,6,0,0
BRDA:49,6,1,0
BRDA:50,7,0,0
BRDA:50,7,1,0
BRDA:50,8,0,0
BRDA:50,8,1,0
BRF:18
BRH:0
end_of_record
TN:
SF:utils\logger.js
FN:3,(anonymous_0)
FN:4,(anonymous_1)
FNF:2
FNH:1
FNDA:4,(anonymous_0)
FNDA:0,(anonymous_1)
DA:3,4
DA:4,0
LF:2
LH:1
BRF:0
BRH:0
end_of_record
TN:
SF:utils\socket.js
FN:8,(anonymous_0)
FN:16,(anonymous_1)
FNF:2
FNH:0
FNDA:0,(anonymous_0)
FNDA:0,(anonymous_1)
DA:2,7
DA:8,7
DA:9,0
DA:16,7
LF:4
LH:3
BRF:0
BRH:0
end_of_record
